2018-05-28 22:04:39,320 DEBUG [com.share.crm.mapper.RoleMapper.findCountByQuery] - ooo Using Connection [jdbc:mysql:///zxl-crm, UserName=root@localhost, MySQL-AB JDBC Driver]
2018-05-28 22:04:39,329 DEBUG [com.share.crm.mapper.RoleMapper.findCountByQuery] - ==>  Preparing: select count(id) from t_role 
2018-05-28 22:04:39,365 DEBUG [com.share.crm.mapper.RoleMapper.findCountByQuery] - ==> Parameters: 
2018-05-28 22:04:39,390 DEBUG [com.share.crm.mapper.RoleMapper.findByQuery] - ooo Using Connection [jdbc:mysql:///zxl-crm, UserName=root@localhost, MySQL-AB JDBC Driver]
2018-05-28 22:04:39,391 DEBUG [com.share.crm.mapper.RoleMapper.findByQuery] - ==>  Preparing: select id,name,sn from t_role order by id asc limit ?,? 
2018-05-28 22:04:39,392 DEBUG [com.share.crm.mapper.RoleMapper.findByQuery] - ==> Parameters: 0(Integer), 10(Integer)
2018-05-28 22:04:39,398 DEBUG [com.share.crm.mapper.PermissionMapper.findPermissionByRoleId] - ooo Using Connection [jdbc:mysql:///zxl-crm, UserName=root@localhost, MySQL-AB JDBC Driver]
2018-05-28 22:04:39,399 DEBUG [com.share.crm.mapper.PermissionMapper.findPermissionByRoleId] - ==>  Preparing: select p.id,p.name,p.resource from t_permission p left join t_role_permission rp on p.id=rp.permission_id where rp.role_id=? 
2018-05-28 22:04:39,400 DEBUG [com.share.crm.mapper.PermissionMapper.findPermissionByRoleId] - ==> Parameters: 1(Long)
2018-05-28 22:04:39,421 DEBUG [com.share.crm.mapper.PermissionMapper.findPermissionByRoleId] - ooo Using Connection [jdbc:mysql:///zxl-crm, UserName=root@localhost, MySQL-AB JDBC Driver]
2018-05-28 22:04:39,423 DEBUG [com.share.crm.mapper.PermissionMapper.findPermissionByRoleId] - ==>  Preparing: select p.id,p.name,p.resource from t_permission p left join t_role_permission rp on p.id=rp.permission_id where rp.role_id=? 
2018-05-28 22:04:39,424 DEBUG [com.share.crm.mapper.PermissionMapper.findPermissionByRoleId] - ==> Parameters: 2(Long)
2018-05-28 22:04:39,428 DEBUG [com.share.crm.mapper.PermissionMapper.findPermissionByRoleId] - ooo Using Connection [jdbc:mysql:///zxl-crm, UserName=root@localhost, MySQL-AB JDBC Driver]
2018-05-28 22:04:39,429 DEBUG [com.share.crm.mapper.PermissionMapper.findPermissionByRoleId] - ==>  Preparing: select p.id,p.name,p.resource from t_permission p left join t_role_permission rp on p.id=rp.permission_id where rp.role_id=? 
2018-05-28 22:04:39,430 DEBUG [com.share.crm.mapper.PermissionMapper.findPermissionByRoleId] - ==> Parameters: 3(Long)
2018-05-28 22:04:39,433 DEBUG [com.share.crm.mapper.PermissionMapper.findPermissionByRoleId] - ooo Using Connection [jdbc:mysql:///zxl-crm, UserName=root@localhost, MySQL-AB JDBC Driver]
2018-05-28 22:04:39,433 DEBUG [com.share.crm.mapper.PermissionMapper.findPermissionByRoleId] - ==>  Preparing: select p.id,p.name,p.resource from t_permission p left join t_role_permission rp on p.id=rp.permission_id where rp.role_id=? 
2018-05-28 22:04:39,434 DEBUG [com.share.crm.mapper.PermissionMapper.findPermissionByRoleId] - ==> Parameters: 4(Long)
2018-05-28 22:04:39,438 DEBUG [com.share.crm.mapper.PermissionMapper.findPermissionByRoleId] - ooo Using Connection [jdbc:mysql:///zxl-crm, UserName=root@localhost, MySQL-AB JDBC Driver]
2018-05-28 22:04:39,439 DEBUG [com.share.crm.mapper.PermissionMapper.findPermissionByRoleId] - ==>  Preparing: select p.id,p.name,p.resource from t_permission p left join t_role_permission rp on p.id=rp.permission_id where rp.role_id=? 
2018-05-28 22:04:39,441 DEBUG [com.share.crm.mapper.PermissionMapper.findPermissionByRoleId] - ==> Parameters: 5(Long)
2018-05-28 22:04:39,443 DEBUG [com.share.crm.mapper.PermissionMapper.findPermissionByRoleId] - ooo Using Connection [jdbc:mysql:///zxl-crm, UserName=root@localhost, MySQL-AB JDBC Driver]
2018-05-28 22:04:39,444 DEBUG [com.share.crm.mapper.PermissionMapper.findPermissionByRoleId] - ==>  Preparing: select p.id,p.name,p.resource from t_permission p left join t_role_permission rp on p.id=rp.permission_id where rp.role_id=? 
2018-05-28 22:04:39,445 DEBUG [com.share.crm.mapper.PermissionMapper.findPermissionByRoleId] - ==> Parameters: 6(Long)
2018-05-28 22:04:39,447 DEBUG [com.share.crm.mapper.PermissionMapper.findPermissionByRoleId] - ooo Using Connection [jdbc:mysql:///zxl-crm, UserName=root@localhost, MySQL-AB JDBC Driver]
2018-05-28 22:04:39,448 DEBUG [com.share.crm.mapper.PermissionMapper.findPermissionByRoleId] - ==>  Preparing: select p.id,p.name,p.resource from t_permission p left join t_role_permission rp on p.id=rp.permission_id where rp.role_id=? 
2018-05-28 22:04:39,448 DEBUG [com.share.crm.mapper.PermissionMapper.findPermissionByRoleId] - ==> Parameters: 7(Long)
2018-05-28 22:06:36,103 WARN [org.springframework.context.support.GenericApplicationContext] - Exception encountered during context initialization - cancelling refresh attempt
org.springframework.beans.factory.BeanCreationException: Error creating bean with name 'sqlSessionFactory' defined in class path resource [applicationContext.xml]: Invocation of init method failed; nested exception is org.springframework.core.NestedIOException: Failed to parse mapping resource: 'file [E:\ITsource\9.27java\eclipse\Workspace-maven\zxl-crm\target\classes\com\share\crm\RoleMapper.xml]'; nested exception is java.lang.RuntimeException: Error parsing Mapper XML. Cause: java.lang.IllegalStateException: Missing column attribute for nested select in property permissions
	at org.springframework.beans.factory.support.AbstractAutowireCapableBeanFactory.initializeBean(AbstractAutowireCapableBeanFactory.java:1568)
	at org.springframework.beans.factory.support.AbstractAutowireCapableBeanFactory.doCreateBean(AbstractAutowireCapableBeanFactory.java:540)
	at org.springframework.beans.factory.support.AbstractAutowireCapableBeanFactory.createBean(AbstractAutowireCapableBeanFactory.java:476)
	at org.springframework.beans.factory.support.AbstractBeanFactory$1.getObject(AbstractBeanFactory.java:302)
	at org.springframework.beans.factory.support.DefaultSingletonBeanRegistry.getSingleton(DefaultSingletonBeanRegistry.java:229)
	at org.springframework.beans.factory.support.AbstractBeanFactory.doGetBean(AbstractBeanFactory.java:298)
	at org.springframework.beans.factory.support.AbstractBeanFactory.getBean(AbstractBeanFactory.java:193)
	at org.springframework.beans.factory.support.DefaultListableBeanFactory.preInstantiateSingletons(DefaultListableBeanFactory.java:743)
	at org.springframework.context.support.AbstractApplicationContext.finishBeanFactoryInitialization(AbstractApplicationContext.java:757)
	at org.springframework.context.support.AbstractApplicationContext.refresh(AbstractApplicationContext.java:480)
	at org.springframework.test.context.support.AbstractGenericContextLoader.loadContext(AbstractGenericContextLoader.java:125)
	at org.springframework.test.context.support.AbstractGenericContextLoader.loadContext(AbstractGenericContextLoader.java:60)
	at org.springframework.test.context.support.AbstractDelegatingSmartContextLoader.delegateLoading(AbstractDelegatingSmartContextLoader.java:109)
	at org.springframework.test.context.support.AbstractDelegatingSmartContextLoader.loadContext(AbstractDelegatingSmartContextLoader.java:261)
	at org.springframework.test.context.DefaultCacheAwareContextLoaderDelegate.loadContextInternal(DefaultCacheAwareContextLoaderDelegate.java:68)
	at org.springframework.test.context.DefaultCacheAwareContextLoaderDelegate.loadContext(DefaultCacheAwareContextLoaderDelegate.java:86)
	at org.springframework.test.context.DefaultTestContext.getApplicationContext(DefaultTestContext.java:72)
	at org.springframework.test.context.support.DependencyInjectionTestExecutionListener.injectDependencies(DependencyInjectionTestExecutionListener.java:117)
	at org.springframework.test.context.support.DependencyInjectionTestExecutionListener.prepareTestInstance(DependencyInjectionTestExecutionListener.java:83)
	at org.springframework.test.context.TestContextManager.prepareTestInstance(TestContextManager.java:212)
	at org.springframework.test.context.junit4.SpringJUnit4ClassRunner.createTest(SpringJUnit4ClassRunner.java:200)
	at org.springframework.test.context.junit4.SpringJUnit4ClassRunner$1.runReflectiveCall(SpringJUnit4ClassRunner.java:252)
	at org.junit.internal.runners.model.ReflectiveCallable.run(ReflectiveCallable.java:12)
	at org.springframework.test.context.junit4.SpringJUnit4ClassRunner.methodBlock(SpringJUnit4ClassRunner.java:254)
	at org.springframework.test.context.junit4.SpringJUnit4ClassRunner.runChild(SpringJUnit4ClassRunner.java:217)
	at org.springframework.test.context.junit4.SpringJUnit4ClassRunner.runChild(SpringJUnit4ClassRunner.java:83)
	at org.junit.runners.ParentRunner$3.run(ParentRunner.java:290)
	at org.junit.runners.ParentRunner$1.schedule(ParentRunner.java:71)
	at org.junit.runners.ParentRunner.runChildren(ParentRunner.java:288)
	at org.junit.runners.ParentRunner.access$000(ParentRunner.java:58)
	at org.junit.runners.ParentRunner$2.evaluate(ParentRunner.java:268)
	at org.springframework.test.context.junit4.statements.RunBeforeTestClassCallbacks.evaluate(RunBeforeTestClassCallbacks.java:61)
	at org.springframework.test.context.junit4.statements.RunAfterTestClassCallbacks.evaluate(RunAfterTestClassCallbacks.java:68)
	at org.junit.runners.ParentRunner.run(ParentRunner.java:363)
	at org.springframework.test.context.junit4.SpringJUnit4ClassRunner.run(SpringJUnit4ClassRunner.java:163)
	at org.eclipse.jdt.internal.junit4.runner.JUnit4TestReference.run(JUnit4TestReference.java:86)
	at org.eclipse.jdt.internal.junit.runner.TestExecution.run(TestExecution.java:38)
	at org.eclipse.jdt.internal.junit.runner.RemoteTestRunner.runTests(RemoteTestRunner.java:459)
	at org.eclipse.jdt.internal.junit.runner.RemoteTestRunner.runTests(RemoteTestRunner.java:675)
	at org.eclipse.jdt.internal.junit.runner.RemoteTestRunner.run(RemoteTestRunner.java:382)
	at org.eclipse.jdt.internal.junit.runner.RemoteTestRunner.main(RemoteTestRunner.java:192)
Caused by: org.springframework.core.NestedIOException: Failed to parse mapping resource: 'file [E:\ITsource\9.27java\eclipse\Workspace-maven\zxl-crm\target\classes\com\share\crm\RoleMapper.xml]'; nested exception is java.lang.RuntimeException: Error parsing Mapper XML. Cause: java.lang.IllegalStateException: Missing column attribute for nested select in property permissions
	at org.mybatis.spring.SqlSessionFactoryBean.buildSqlSessionFactory(SqlSessionFactoryBean.java:462)
	at org.mybatis.spring.SqlSessionFactoryBean.afterPropertiesSet(SqlSessionFactoryBean.java:336)
	at org.springframework.beans.factory.support.AbstractAutowireCapableBeanFactory.invokeInitMethods(AbstractAutowireCapableBeanFactory.java:1627)
	at org.springframework.beans.factory.support.AbstractAutowireCapableBeanFactory.initializeBean(AbstractAutowireCapableBeanFactory.java:1564)
	... 40 more
Caused by: java.lang.RuntimeException: Error parsing Mapper XML. Cause: java.lang.IllegalStateException: Missing column attribute for nested select in property permissions
	at org.apache.ibatis.builder.xml.XMLMapperBuilder.configurationElement(XMLMapperBuilder.java:113)
	at org.apache.ibatis.builder.xml.XMLMapperBuilder.parse(XMLMapperBuilder.java:88)
	at org.mybatis.spring.SqlSessionFactoryBean.buildSqlSessionFactory(SqlSessionFactoryBean.java:460)
	... 43 more
Caused by: java.lang.IllegalStateException: Missing column attribute for nested select in property permissions
	at org.apache.ibatis.mapping.ResultMapping$Builder.validate(ResultMapping.java:131)
	at org.apache.ibatis.mapping.ResultMapping$Builder.build(ResultMapping.java:120)
	at org.apache.ibatis.builder.MapperBuilderAssistant.assembleResultMapping(MapperBuilderAssistant.java:414)
	at org.apache.ibatis.builder.MapperBuilderAssistant.buildResultMapping(MapperBuilderAssistant.java:220)
	at org.apache.ibatis.builder.xml.XMLMapperBuilder.buildResultMappingFromContext(XMLMapperBuilder.java:365)
	at org.apache.ibatis.builder.xml.XMLMapperBuilder.resultMapElement(XMLMapperBuilder.java:272)
	at org.apache.ibatis.builder.xml.XMLMapperBuilder.resultMapElement(XMLMapperBuilder.java:244)
	at org.apache.ibatis.builder.xml.XMLMapperBuilder.resultMapElements(XMLMapperBuilder.java:236)
	at org.apache.ibatis.builder.xml.XMLMapperBuilder.configurationElement(XMLMapperBuilder.java:109)
	... 45 more
2018-05-28 22:06:36,139 ERROR [org.springframework.test.context.TestContextManager] - Caught exception while allowing TestExecutionListener [org.springframework.test.context.support.DependencyInjectionTestExecutionListener@6c1c19c6] to prepare test instance [com.share.crm.service.ServiceTest@28e04d9d]
java.lang.IllegalStateException: Failed to load ApplicationContext
	at org.springframework.test.context.DefaultCacheAwareContextLoaderDelegate.loadContext(DefaultCacheAwareContextLoaderDelegate.java:94)
	at org.springframework.test.context.DefaultTestContext.getApplicationContext(DefaultTestContext.java:72)
	at org.springframework.test.context.support.DependencyInjectionTestExecutionListener.injectDependencies(DependencyInjectionTestExecutionListener.java:117)
	at org.springframework.test.context.support.DependencyInjectionTestExecutionListener.prepareTestInstance(DependencyInjectionTestExecutionListener.java:83)
	at org.springframework.test.context.TestContextManager.prepareTestInstance(TestContextManager.java:212)
	at org.springframework.test.context.junit4.SpringJUnit4ClassRunner.createTest(SpringJUnit4ClassRunner.java:200)
	at org.springframework.test.context.junit4.SpringJUnit4ClassRunner$1.runReflectiveCall(SpringJUnit4ClassRunner.java:252)
	at org.junit.internal.runners.model.ReflectiveCallable.run(ReflectiveCallable.java:12)
	at org.springframework.test.context.junit4.SpringJUnit4ClassRunner.methodBlock(SpringJUnit4ClassRunner.java:254)
	at org.springframework.test.context.junit4.SpringJUnit4ClassRunner.runChild(SpringJUnit4ClassRunner.java:217)
	at org.springframework.test.context.junit4.SpringJUnit4ClassRunner.runChild(SpringJUnit4ClassRunner.java:83)
	at org.junit.runners.ParentRunner$3.run(ParentRunner.java:290)
	at org.junit.runners.ParentRunner$1.schedule(ParentRunner.java:71)
	at org.junit.runners.ParentRunner.runChildren(ParentRunner.java:288)
	at org.junit.runners.ParentRunner.access$000(ParentRunner.java:58)
	at org.junit.runners.ParentRunner$2.evaluate(ParentRunner.java:268)
	at org.springframework.test.context.junit4.statements.RunBeforeTestClassCallbacks.evaluate(RunBeforeTestClassCallbacks.java:61)
	at org.springframework.test.context.junit4.statements.RunAfterTestClassCallbacks.evaluate(RunAfterTestClassCallbacks.java:68)
	at org.junit.runners.ParentRunner.run(ParentRunner.java:363)
	at org.springframework.test.context.junit4.SpringJUnit4ClassRunner.run(SpringJUnit4ClassRunner.java:163)
	at org.eclipse.jdt.internal.junit4.runner.JUnit4TestReference.run(JUnit4TestReference.java:86)
	at org.eclipse.jdt.internal.junit.runner.TestExecution.run(TestExecution.java:38)
	at org.eclipse.jdt.internal.junit.runner.RemoteTestRunner.runTests(RemoteTestRunner.java:459)
	at org.eclipse.jdt.internal.junit.runner.RemoteTestRunner.runTests(RemoteTestRunner.java:675)
	at org.eclipse.jdt.internal.junit.runner.RemoteTestRunner.run(RemoteTestRunner.java:382)
	at org.eclipse.jdt.internal.junit.runner.RemoteTestRunner.main(RemoteTestRunner.java:192)
Caused by: org.springframework.beans.factory.BeanCreationException: Error creating bean with name 'sqlSessionFactory' defined in class path resource [applicationContext.xml]: Invocation of init method failed; nested exception is org.springframework.core.NestedIOException: Failed to parse mapping resource: 'file [E:\ITsource\9.27java\eclipse\Workspace-maven\zxl-crm\target\classes\com\share\crm\RoleMapper.xml]'; nested exception is java.lang.RuntimeException: Error parsing Mapper XML. Cause: java.lang.IllegalStateException: Missing column attribute for nested select in property permissions
	at org.springframework.beans.factory.support.AbstractAutowireCapableBeanFactory.initializeBean(AbstractAutowireCapableBeanFactory.java:1568)
	at org.springframework.beans.factory.support.AbstractAutowireCapableBeanFactory.doCreateBean(AbstractAutowireCapableBeanFactory.java:540)
	at org.springframework.beans.factory.support.AbstractAutowireCapableBeanFactory.createBean(AbstractAutowireCapableBeanFactory.java:476)
	at org.springframework.beans.factory.support.AbstractBeanFactory$1.getObject(AbstractBeanFactory.java:302)
	at org.springframework.beans.factory.support.DefaultSingletonBeanRegistry.getSingleton(DefaultSingletonBeanRegistry.java:229)
	at org.springframework.beans.factory.support.AbstractBeanFactory.doGetBean(AbstractBeanFactory.java:298)
	at org.springframework.beans.factory.support.AbstractBeanFactory.getBean(AbstractBeanFactory.java:193)
	at org.springframework.beans.factory.support.DefaultListableBeanFactory.preInstantiateSingletons(DefaultListableBeanFactory.java:743)
	at org.springframework.context.support.AbstractApplicationContext.finishBeanFactoryInitialization(AbstractApplicationContext.java:757)
	at org.springframework.context.support.AbstractApplicationContext.refresh(AbstractApplicationContext.java:480)
	at org.springframework.test.context.support.AbstractGenericContextLoader.loadContext(AbstractGenericContextLoader.java:125)
	at org.springframework.test.context.support.AbstractGenericContextLoader.loadContext(AbstractGenericContextLoader.java:60)
	at org.springframework.test.context.support.AbstractDelegatingSmartContextLoader.delegateLoading(AbstractDelegatingSmartContextLoader.java:109)
	at org.springframework.test.context.support.AbstractDelegatingSmartContextLoader.loadContext(AbstractDelegatingSmartContextLoader.java:261)
	at org.springframework.test.context.DefaultCacheAwareContextLoaderDelegate.loadContextInternal(DefaultCacheAwareContextLoaderDelegate.java:68)
	at org.springframework.test.context.DefaultCacheAwareContextLoaderDelegate.loadContext(DefaultCacheAwareContextLoaderDelegate.java:86)
	... 25 more
Caused by: org.springframework.core.NestedIOException: Failed to parse mapping resource: 'file [E:\ITsource\9.27java\eclipse\Workspace-maven\zxl-crm\target\classes\com\share\crm\RoleMapper.xml]'; nested exception is java.lang.RuntimeException: Error parsing Mapper XML. Cause: java.lang.IllegalStateException: Missing column attribute for nested select in property permissions
	at org.mybatis.spring.SqlSessionFactoryBean.buildSqlSessionFactory(SqlSessionFactoryBean.java:462)
	at org.mybatis.spring.SqlSessionFactoryBean.afterPropertiesSet(SqlSessionFactoryBean.java:336)
	at org.springframework.beans.factory.support.AbstractAutowireCapableBeanFactory.invokeInitMethods(AbstractAutowireCapableBeanFactory.java:1627)
	at org.springframework.beans.factory.support.AbstractAutowireCapableBeanFactory.initializeBean(AbstractAutowireCapableBeanFactory.java:1564)
	... 40 more
Caused by: java.lang.RuntimeException: Error parsing Mapper XML. Cause: java.lang.IllegalStateException: Missing column attribute for nested select in property permissions
	at org.apache.ibatis.builder.xml.XMLMapperBuilder.configurationElement(XMLMapperBuilder.java:113)
	at org.apache.ibatis.builder.xml.XMLMapperBuilder.parse(XMLMapperBuilder.java:88)
	at org.mybatis.spring.SqlSessionFactoryBean.buildSqlSessionFactory(SqlSessionFactoryBean.java:460)
	... 43 more
Caused by: java.lang.IllegalStateException: Missing column attribute for nested select in property permissions
	at org.apache.ibatis.mapping.ResultMapping$Builder.validate(ResultMapping.java:131)
	at org.apache.ibatis.mapping.ResultMapping$Builder.build(ResultMapping.java:120)
	at org.apache.ibatis.builder.MapperBuilderAssistant.assembleResultMapping(MapperBuilderAssistant.java:414)
	at org.apache.ibatis.builder.MapperBuilderAssistant.buildResultMapping(MapperBuilderAssistant.java:220)
	at org.apache.ibatis.builder.xml.XMLMapperBuilder.buildResultMappingFromContext(XMLMapperBuilder.java:365)
	at org.apache.ibatis.builder.xml.XMLMapperBuilder.resultMapElement(XMLMapperBuilder.java:272)
	at org.apache.ibatis.builder.xml.XMLMapperBuilder.resultMapElement(XMLMapperBuilder.java:244)
	at org.apache.ibatis.builder.xml.XMLMapperBuilder.resultMapElements(XMLMapperBuilder.java:236)
	at org.apache.ibatis.builder.xml.XMLMapperBuilder.configurationElement(XMLMapperBuilder.java:109)
	... 45 more
2018-05-28 22:07:13,190 WARN [org.springframework.context.support.GenericApplicationContext] - Exception encountered during context initialization - cancelling refresh attempt
org.springframework.beans.factory.BeanCreationException: Error creating bean with name 'sqlSessionFactory' defined in class path resource [applicationContext.xml]: Invocation of init method failed; nested exception is org.springframework.core.NestedIOException: Failed to parse mapping resource: 'file [E:\ITsource\9.27java\eclipse\Workspace-maven\zxl-crm\target\classes\com\share\crm\RoleMapper.xml]'; nested exception is java.lang.RuntimeException: Error parsing Mapper XML. Cause: java.lang.IllegalStateException: Missing column attribute for nested select in property permissions
	at org.springframework.beans.factory.support.AbstractAutowireCapableBeanFactory.initializeBean(AbstractAutowireCapableBeanFactory.java:1568)
	at org.springframework.beans.factory.support.AbstractAutowireCapableBeanFactory.doCreateBean(AbstractAutowireCapableBeanFactory.java:540)
	at org.springframework.beans.factory.support.AbstractAutowireCapableBeanFactory.createBean(AbstractAutowireCapableBeanFactory.java:476)
	at org.springframework.beans.factory.support.AbstractBeanFactory$1.getObject(AbstractBeanFactory.java:302)
	at org.springframework.beans.factory.support.DefaultSingletonBeanRegistry.getSingleton(DefaultSingletonBeanRegistry.java:229)
	at org.springframework.beans.factory.support.AbstractBeanFactory.doGetBean(AbstractBeanFactory.java:298)
	at org.springframework.beans.factory.support.AbstractBeanFactory.getBean(AbstractBeanFactory.java:193)
	at org.springframework.beans.factory.support.DefaultListableBeanFactory.preInstantiateSingletons(DefaultListableBeanFactory.java:743)
	at org.springframework.context.support.AbstractApplicationContext.finishBeanFactoryInitialization(AbstractApplicationContext.java:757)
	at org.springframework.context.support.AbstractApplicationContext.refresh(AbstractApplicationContext.java:480)
	at org.springframework.test.context.support.AbstractGenericContextLoader.loadContext(AbstractGenericContextLoader.java:125)
	at org.springframework.test.context.support.AbstractGenericContextLoader.loadContext(AbstractGenericContextLoader.java:60)
	at org.springframework.test.context.support.AbstractDelegatingSmartContextLoader.delegateLoading(AbstractDelegatingSmartContextLoader.java:109)
	at org.springframework.test.context.support.AbstractDelegatingSmartContextLoader.loadContext(AbstractDelegatingSmartContextLoader.java:261)
	at org.springframework.test.context.DefaultCacheAwareContextLoaderDelegate.loadContextInternal(DefaultCacheAwareContextLoaderDelegate.java:68)
	at org.springframework.test.context.DefaultCacheAwareContextLoaderDelegate.loadContext(DefaultCacheAwareContextLoaderDelegate.java:86)
	at org.springframework.test.context.DefaultTestContext.getApplicationContext(DefaultTestContext.java:72)
	at org.springframework.test.context.support.DependencyInjectionTestExecutionListener.injectDependencies(DependencyInjectionTestExecutionListener.java:117)
	at org.springframework.test.context.support.DependencyInjectionTestExecutionListener.prepareTestInstance(DependencyInjectionTestExecutionListener.java:83)
	at org.springframework.test.context.TestContextManager.prepareTestInstance(TestContextManager.java:212)
	at org.springframework.test.context.junit4.SpringJUnit4ClassRunner.createTest(SpringJUnit4ClassRunner.java:200)
	at org.springframework.test.context.junit4.SpringJUnit4ClassRunner$1.runReflectiveCall(SpringJUnit4ClassRunner.java:252)
	at org.junit.internal.runners.model.ReflectiveCallable.run(ReflectiveCallable.java:12)
	at org.springframework.test.context.junit4.SpringJUnit4ClassRunner.methodBlock(SpringJUnit4ClassRunner.java:254)
	at org.springframework.test.context.junit4.SpringJUnit4ClassRunner.runChild(SpringJUnit4ClassRunner.java:217)
	at org.springframework.test.context.junit4.SpringJUnit4ClassRunner.runChild(SpringJUnit4ClassRunner.java:83)
	at org.junit.runners.ParentRunner$3.run(ParentRunner.java:290)
	at org.junit.runners.ParentRunner$1.schedule(ParentRunner.java:71)
	at org.junit.runners.ParentRunner.runChildren(ParentRunner.java:288)
	at org.junit.runners.ParentRunner.access$000(ParentRunner.java:58)
	at org.junit.runners.ParentRunner$2.evaluate(ParentRunner.java:268)
	at org.springframework.test.context.junit4.statements.RunBeforeTestClassCallbacks.evaluate(RunBeforeTestClassCallbacks.java:61)
	at org.springframework.test.context.junit4.statements.RunAfterTestClassCallbacks.evaluate(RunAfterTestClassCallbacks.java:68)
	at org.junit.runners.ParentRunner.run(ParentRunner.java:363)
	at org.springframework.test.context.junit4.SpringJUnit4ClassRunner.run(SpringJUnit4ClassRunner.java:163)
	at org.eclipse.jdt.internal.junit4.runner.JUnit4TestReference.run(JUnit4TestReference.java:86)
	at org.eclipse.jdt.internal.junit.runner.TestExecution.run(TestExecution.java:38)
	at org.eclipse.jdt.internal.junit.runner.RemoteTestRunner.runTests(RemoteTestRunner.java:459)
	at org.eclipse.jdt.internal.junit.runner.RemoteTestRunner.runTests(RemoteTestRunner.java:675)
	at org.eclipse.jdt.internal.junit.runner.RemoteTestRunner.run(RemoteTestRunner.java:382)
	at org.eclipse.jdt.internal.junit.runner.RemoteTestRunner.main(RemoteTestRunner.java:192)
Caused by: org.springframework.core.NestedIOException: Failed to parse mapping resource: 'file [E:\ITsource\9.27java\eclipse\Workspace-maven\zxl-crm\target\classes\com\share\crm\RoleMapper.xml]'; nested exception is java.lang.RuntimeException: Error parsing Mapper XML. Cause: java.lang.IllegalStateException: Missing column attribute for nested select in property permissions
	at org.mybatis.spring.SqlSessionFactoryBean.buildSqlSessionFactory(SqlSessionFactoryBean.java:462)
	at org.mybatis.spring.SqlSessionFactoryBean.afterPropertiesSet(SqlSessionFactoryBean.java:336)
	at org.springframework.beans.factory.support.AbstractAutowireCapableBeanFactory.invokeInitMethods(AbstractAutowireCapableBeanFactory.java:1627)
	at org.springframework.beans.factory.support.AbstractAutowireCapableBeanFactory.initializeBean(AbstractAutowireCapableBeanFactory.java:1564)
	... 40 more
Caused by: java.lang.RuntimeException: Error parsing Mapper XML. Cause: java.lang.IllegalStateException: Missing column attribute for nested select in property permissions
	at org.apache.ibatis.builder.xml.XMLMapperBuilder.configurationElement(XMLMapperBuilder.java:113)
	at org.apache.ibatis.builder.xml.XMLMapperBuilder.parse(XMLMapperBuilder.java:88)
	at org.mybatis.spring.SqlSessionFactoryBean.buildSqlSessionFactory(SqlSessionFactoryBean.java:460)
	... 43 more
Caused by: java.lang.IllegalStateException: Missing column attribute for nested select in property permissions
	at org.apache.ibatis.mapping.ResultMapping$Builder.validate(ResultMapping.java:131)
	at org.apache.ibatis.mapping.ResultMapping$Builder.build(ResultMapping.java:120)
	at org.apache.ibatis.builder.MapperBuilderAssistant.assembleResultMapping(MapperBuilderAssistant.java:414)
	at org.apache.ibatis.builder.MapperBuilderAssistant.buildResultMapping(MapperBuilderAssistant.java:220)
	at org.apache.ibatis.builder.xml.XMLMapperBuilder.buildResultMappingFromContext(XMLMapperBuilder.java:365)
	at org.apache.ibatis.builder.xml.XMLMapperBuilder.resultMapElement(XMLMapperBuilder.java:272)
	at org.apache.ibatis.builder.xml.XMLMapperBuilder.resultMapElement(XMLMapperBuilder.java:244)
	at org.apache.ibatis.builder.xml.XMLMapperBuilder.resultMapElements(XMLMapperBuilder.java:236)
	at org.apache.ibatis.builder.xml.XMLMapperBuilder.configurationElement(XMLMapperBuilder.java:109)
	... 45 more
2018-05-28 22:07:13,207 ERROR [org.springframework.test.context.TestContextManager] - Caught exception while allowing TestExecutionListener [org.springframework.test.context.support.DependencyInjectionTestExecutionListener@25e91fa3] to prepare test instance [com.share.crm.service.ServiceTest@6c1c19c6]
java.lang.IllegalStateException: Failed to load ApplicationContext
	at org.springframework.test.context.DefaultCacheAwareContextLoaderDelegate.loadContext(DefaultCacheAwareContextLoaderDelegate.java:94)
	at org.springframework.test.context.DefaultTestContext.getApplicationContext(DefaultTestContext.java:72)
	at org.springframework.test.context.support.DependencyInjectionTestExecutionListener.injectDependencies(DependencyInjectionTestExecutionListener.java:117)
	at org.springframework.test.context.support.DependencyInjectionTestExecutionListener.prepareTestInstance(DependencyInjectionTestExecutionListener.java:83)
	at org.springframework.test.context.TestContextManager.prepareTestInstance(TestContextManager.java:212)
	at org.springframework.test.context.junit4.SpringJUnit4ClassRunner.createTest(SpringJUnit4ClassRunner.java:200)
	at org.springframework.test.context.junit4.SpringJUnit4ClassRunner$1.runReflectiveCall(SpringJUnit4ClassRunner.java:252)
	at org.junit.internal.runners.model.ReflectiveCallable.run(ReflectiveCallable.java:12)
	at org.springframework.test.context.junit4.SpringJUnit4ClassRunner.methodBlock(SpringJUnit4ClassRunner.java:254)
	at org.springframework.test.context.junit4.SpringJUnit4ClassRunner.runChild(SpringJUnit4ClassRunner.java:217)
	at org.springframework.test.context.junit4.SpringJUnit4ClassRunner.runChild(SpringJUnit4ClassRunner.java:83)
	at org.junit.runners.ParentRunner$3.run(ParentRunner.java:290)
	at org.junit.runners.ParentRunner$1.schedule(ParentRunner.java:71)
	at org.junit.runners.ParentRunner.runChildren(ParentRunner.java:288)
	at org.junit.runners.ParentRunner.access$000(ParentRunner.java:58)
	at org.junit.runners.ParentRunner$2.evaluate(ParentRunner.java:268)
	at org.springframework.test.context.junit4.statements.RunBeforeTestClassCallbacks.evaluate(RunBeforeTestClassCallbacks.java:61)
	at org.springframework.test.context.junit4.statements.RunAfterTestClassCallbacks.evaluate(RunAfterTestClassCallbacks.java:68)
	at org.junit.runners.ParentRunner.run(ParentRunner.java:363)
	at org.springframework.test.context.junit4.SpringJUnit4ClassRunner.run(SpringJUnit4ClassRunner.java:163)
	at org.eclipse.jdt.internal.junit4.runner.JUnit4TestReference.run(JUnit4TestReference.java:86)
	at org.eclipse.jdt.internal.junit.runner.TestExecution.run(TestExecution.java:38)
	at org.eclipse.jdt.internal.junit.runner.RemoteTestRunner.runTests(RemoteTestRunner.java:459)
	at org.eclipse.jdt.internal.junit.runner.RemoteTestRunner.runTests(RemoteTestRunner.java:675)
	at org.eclipse.jdt.internal.junit.runner.RemoteTestRunner.run(RemoteTestRunner.java:382)
	at org.eclipse.jdt.internal.junit.runner.RemoteTestRunner.main(RemoteTestRunner.java:192)
Caused by: org.springframework.beans.factory.BeanCreationException: Error creating bean with name 'sqlSessionFactory' defined in class path resource [applicationContext.xml]: Invocation of init method failed; nested exception is org.springframework.core.NestedIOException: Failed to parse mapping resource: 'file [E:\ITsource\9.27java\eclipse\Workspace-maven\zxl-crm\target\classes\com\share\crm\RoleMapper.xml]'; nested exception is java.lang.RuntimeException: Error parsing Mapper XML. Cause: java.lang.IllegalStateException: Missing column attribute for nested select in property permissions
	at org.springframework.beans.factory.support.AbstractAutowireCapableBeanFactory.initializeBean(AbstractAutowireCapableBeanFactory.java:1568)
	at org.springframework.beans.factory.support.AbstractAutowireCapableBeanFactory.doCreateBean(AbstractAutowireCapableBeanFactory.java:540)
	at org.springframework.beans.factory.support.AbstractAutowireCapableBeanFactory.createBean(AbstractAutowireCapableBeanFactory.java:476)
	at org.springframework.beans.factory.support.AbstractBeanFactory$1.getObject(AbstractBeanFactory.java:302)
	at org.springframework.beans.factory.support.DefaultSingletonBeanRegistry.getSingleton(DefaultSingletonBeanRegistry.java:229)
	at org.springframework.beans.factory.support.AbstractBeanFactory.doGetBean(AbstractBeanFactory.java:298)
	at org.springframework.beans.factory.support.AbstractBeanFactory.getBean(AbstractBeanFactory.java:193)
	at org.springframework.beans.factory.support.DefaultListableBeanFactory.preInstantiateSingletons(DefaultListableBeanFactory.java:743)
	at org.springframework.context.support.AbstractApplicationContext.finishBeanFactoryInitialization(AbstractApplicationContext.java:757)
	at org.springframework.context.support.AbstractApplicationContext.refresh(AbstractApplicationContext.java:480)
	at org.springframework.test.context.support.AbstractGenericContextLoader.loadContext(AbstractGenericContextLoader.java:125)
	at org.springframework.test.context.support.AbstractGenericContextLoader.loadContext(AbstractGenericContextLoader.java:60)
	at org.springframework.test.context.support.AbstractDelegatingSmartContextLoader.delegateLoading(AbstractDelegatingSmartContextLoader.java:109)
	at org.springframework.test.context.support.AbstractDelegatingSmartContextLoader.loadContext(AbstractDelegatingSmartContextLoader.java:261)
	at org.springframework.test.context.DefaultCacheAwareContextLoaderDelegate.loadContextInternal(DefaultCacheAwareContextLoaderDelegate.java:68)
	at org.springframework.test.context.DefaultCacheAwareContextLoaderDelegate.loadContext(DefaultCacheAwareContextLoaderDelegate.java:86)
	... 25 more
Caused by: org.springframework.core.NestedIOException: Failed to parse mapping resource: 'file [E:\ITsource\9.27java\eclipse\Workspace-maven\zxl-crm\target\classes\com\share\crm\RoleMapper.xml]'; nested exception is java.lang.RuntimeException: Error parsing Mapper XML. Cause: java.lang.IllegalStateException: Missing column attribute for nested select in property permissions
	at org.mybatis.spring.SqlSessionFactoryBean.buildSqlSessionFactory(SqlSessionFactoryBean.java:462)
	at org.mybatis.spring.SqlSessionFactoryBean.afterPropertiesSet(SqlSessionFactoryBean.java:336)
	at org.springframework.beans.factory.support.AbstractAutowireCapableBeanFactory.invokeInitMethods(AbstractAutowireCapableBeanFactory.java:1627)
	at org.springframework.beans.factory.support.AbstractAutowireCapableBeanFactory.initializeBean(AbstractAutowireCapableBeanFactory.java:1564)
	... 40 more
Caused by: java.lang.RuntimeException: Error parsing Mapper XML. Cause: java.lang.IllegalStateException: Missing column attribute for nested select in property permissions
	at org.apache.ibatis.builder.xml.XMLMapperBuilder.configurationElement(XMLMapperBuilder.java:113)
	at org.apache.ibatis.builder.xml.XMLMapperBuilder.parse(XMLMapperBuilder.java:88)
	at org.mybatis.spring.SqlSessionFactoryBean.buildSqlSessionFactory(SqlSessionFactoryBean.java:460)
	... 43 more
Caused by: java.lang.IllegalStateException: Missing column attribute for nested select in property permissions
	at org.apache.ibatis.mapping.ResultMapping$Builder.validate(ResultMapping.java:131)
	at org.apache.ibatis.mapping.ResultMapping$Builder.build(ResultMapping.java:120)
	at org.apache.ibatis.builder.MapperBuilderAssistant.assembleResultMapping(MapperBuilderAssistant.java:414)
	at org.apache.ibatis.builder.MapperBuilderAssistant.buildResultMapping(MapperBuilderAssistant.java:220)
	at org.apache.ibatis.builder.xml.XMLMapperBuilder.buildResultMappingFromContext(XMLMapperBuilder.java:365)
	at org.apache.ibatis.builder.xml.XMLMapperBuilder.resultMapElement(XMLMapperBuilder.java:272)
	at org.apache.ibatis.builder.xml.XMLMapperBuilder.resultMapElement(XMLMapperBuilder.java:244)
	at org.apache.ibatis.builder.xml.XMLMapperBuilder.resultMapElements(XMLMapperBuilder.java:236)
	at org.apache.ibatis.builder.xml.XMLMapperBuilder.configurationElement(XMLMapperBuilder.java:109)
	... 45 more
2018-05-28 22:07:38,839 DEBUG [com.share.crm.mapper.RoleMapper.findCountByQuery] - ooo Using Connection [jdbc:mysql:///zxl-crm, UserName=root@localhost, MySQL-AB JDBC Driver]
2018-05-28 22:07:38,848 DEBUG [com.share.crm.mapper.RoleMapper.findCountByQuery] - ==>  Preparing: select count(id) from t_role 
2018-05-28 22:07:38,883 DEBUG [com.share.crm.mapper.RoleMapper.findCountByQuery] - ==> Parameters: 
2018-05-28 22:07:38,906 DEBUG [com.share.crm.mapper.RoleMapper.findByQuery] - ooo Using Connection [jdbc:mysql:///zxl-crm, UserName=root@localhost, MySQL-AB JDBC Driver]
2018-05-28 22:07:38,907 DEBUG [com.share.crm.mapper.RoleMapper.findByQuery] - ==>  Preparing: select id,name,sn from t_role order by id asc limit ?,? 
2018-05-28 22:07:38,908 DEBUG [com.share.crm.mapper.RoleMapper.findByQuery] - ==> Parameters: 0(Integer), 10(Integer)
2018-05-28 22:07:38,913 DEBUG [com.share.crm.mapper.PermissionMapper.findPermissionByRoleId] - ooo Using Connection [jdbc:mysql:///zxl-crm, UserName=root@localhost, MySQL-AB JDBC Driver]
2018-05-28 22:07:38,914 DEBUG [com.share.crm.mapper.PermissionMapper.findPermissionByRoleId] - ==>  Preparing: select p.id,p.name,p.resource from t_permission p left join t_role_permission rp on p.id=rp.permission_id where rp.role_id=? 
2018-05-28 22:07:38,916 DEBUG [com.share.crm.mapper.PermissionMapper.findPermissionByRoleId] - ==> Parameters: 1(Long)
2018-05-28 22:07:38,925 DEBUG [com.share.crm.mapper.PermissionMapper.findPermissionByRoleId] - ooo Using Connection [jdbc:mysql:///zxl-crm, UserName=root@localhost, MySQL-AB JDBC Driver]
2018-05-28 22:07:38,926 DEBUG [com.share.crm.mapper.PermissionMapper.findPermissionByRoleId] - ==>  Preparing: select p.id,p.name,p.resource from t_permission p left join t_role_permission rp on p.id=rp.permission_id where rp.role_id=? 
2018-05-28 22:07:38,926 DEBUG [com.share.crm.mapper.PermissionMapper.findPermissionByRoleId] - ==> Parameters: 2(Long)
2018-05-28 22:07:38,929 DEBUG [com.share.crm.mapper.PermissionMapper.findPermissionByRoleId] - ooo Using Connection [jdbc:mysql:///zxl-crm, UserName=root@localhost, MySQL-AB JDBC Driver]
2018-05-28 22:07:38,930 DEBUG [com.share.crm.mapper.PermissionMapper.findPermissionByRoleId] - ==>  Preparing: select p.id,p.name,p.resource from t_permission p left join t_role_permission rp on p.id=rp.permission_id where rp.role_id=? 
2018-05-28 22:07:38,931 DEBUG [com.share.crm.mapper.PermissionMapper.findPermissionByRoleId] - ==> Parameters: 3(Long)
2018-05-28 22:07:38,935 DEBUG [com.share.crm.mapper.PermissionMapper.findPermissionByRoleId] - ooo Using Connection [jdbc:mysql:///zxl-crm, UserName=root@localhost, MySQL-AB JDBC Driver]
2018-05-28 22:07:38,936 DEBUG [com.share.crm.mapper.PermissionMapper.findPermissionByRoleId] - ==>  Preparing: select p.id,p.name,p.resource from t_permission p left join t_role_permission rp on p.id=rp.permission_id where rp.role_id=? 
2018-05-28 22:07:38,937 DEBUG [com.share.crm.mapper.PermissionMapper.findPermissionByRoleId] - ==> Parameters: 4(Long)
2018-05-28 22:07:38,940 DEBUG [com.share.crm.mapper.PermissionMapper.findPermissionByRoleId] - ooo Using Connection [jdbc:mysql:///zxl-crm, UserName=root@localhost, MySQL-AB JDBC Driver]
2018-05-28 22:07:38,940 DEBUG [com.share.crm.mapper.PermissionMapper.findPermissionByRoleId] - ==>  Preparing: select p.id,p.name,p.resource from t_permission p left join t_role_permission rp on p.id=rp.permission_id where rp.role_id=? 
2018-05-28 22:07:38,941 DEBUG [com.share.crm.mapper.PermissionMapper.findPermissionByRoleId] - ==> Parameters: 5(Long)
2018-05-28 22:07:38,944 DEBUG [com.share.crm.mapper.PermissionMapper.findPermissionByRoleId] - ooo Using Connection [jdbc:mysql:///zxl-crm, UserName=root@localhost, MySQL-AB JDBC Driver]
2018-05-28 22:07:38,944 DEBUG [com.share.crm.mapper.PermissionMapper.findPermissionByRoleId] - ==>  Preparing: select p.id,p.name,p.resource from t_permission p left join t_role_permission rp on p.id=rp.permission_id where rp.role_id=? 
2018-05-28 22:07:38,945 DEBUG [com.share.crm.mapper.PermissionMapper.findPermissionByRoleId] - ==> Parameters: 6(Long)
2018-05-28 22:07:38,949 DEBUG [com.share.crm.mapper.PermissionMapper.findPermissionByRoleId] - ooo Using Connection [jdbc:mysql:///zxl-crm, UserName=root@localhost, MySQL-AB JDBC Driver]
2018-05-28 22:07:38,950 DEBUG [com.share.crm.mapper.PermissionMapper.findPermissionByRoleId] - ==>  Preparing: select p.id,p.name,p.resource from t_permission p left join t_role_permission rp on p.id=rp.permission_id where rp.role_id=? 
2018-05-28 22:07:38,951 DEBUG [com.share.crm.mapper.PermissionMapper.findPermissionByRoleId] - ==> Parameters: 7(Long)
